<?xml version="1.0" encoding="UTF-8"?>
<testsuite xmlns:xsi="http://www.w3.org/2001/XMLSchema-instance" xsi:noNamespaceSchemaLocation="https://maven.apache.org/surefire/maven-surefire-plugin/xsd/surefire-test-report.xsd" name="TestSuite" time="179.466" tests="15" errors="0" skipped="0" failures="6">
  <properties>
    <property name="sun.desktop" value="windows"/>
    <property name="awt.toolkit" value="sun.awt.windows.WToolkit"/>
    <property name="java.specification.version" value="11"/>
    <property name="sun.cpu.isalist" value="amd64"/>
    <property name="sun.jnu.encoding" value="Cp1252"/>
    <property name="java.class.path" value="C:\Users\Gurwinder\eclipse-workspace\automationFramework\target\test-classes;C:\Users\Gurwinder\eclipse-workspace\automationFramework\target\classes;C:\Users\Gurwinder\.m2\repository\junit\junit\4.11\junit-4.11.jar;C:\Users\Gurwinder\.m2\repository\org\hamcrest\hamcrest-core\1.3\hamcrest-core-1.3.jar;C:\Users\Gurwinder\.m2\repository\org\testng\testng\6.14.3\testng-6.14.3.jar;C:\Users\Gurwinder\.m2\repository\com\beust\jcommander\1.72\jcommander-1.72.jar;C:\Users\Gurwinder\.m2\repository\org\apache-extras\beanshell\bsh\2.0b6\bsh-2.0b6.jar;C:\Users\Gurwinder\.m2\repository\org\seleniumhq\selenium\selenium-java\3.141.59\selenium-java-3.141.59.jar;C:\Users\Gurwinder\.m2\repository\org\seleniumhq\selenium\selenium-api\3.141.59\selenium-api-3.141.59.jar;C:\Users\Gurwinder\.m2\repository\org\seleniumhq\selenium\selenium-chrome-driver\3.141.59\selenium-chrome-driver-3.141.59.jar;C:\Users\Gurwinder\.m2\repository\org\seleniumhq\selenium\selenium-edge-driver\3.141.59\selenium-edge-driver-3.141.59.jar;C:\Users\Gurwinder\.m2\repository\org\seleniumhq\selenium\selenium-firefox-driver\3.141.59\selenium-firefox-driver-3.141.59.jar;C:\Users\Gurwinder\.m2\repository\org\seleniumhq\selenium\selenium-ie-driver\3.141.59\selenium-ie-driver-3.141.59.jar;C:\Users\Gurwinder\.m2\repository\org\seleniumhq\selenium\selenium-opera-driver\3.141.59\selenium-opera-driver-3.141.59.jar;C:\Users\Gurwinder\.m2\repository\org\seleniumhq\selenium\selenium-remote-driver\3.141.59\selenium-remote-driver-3.141.59.jar;C:\Users\Gurwinder\.m2\repository\org\seleniumhq\selenium\selenium-safari-driver\3.141.59\selenium-safari-driver-3.141.59.jar;C:\Users\Gurwinder\.m2\repository\org\seleniumhq\selenium\selenium-support\3.141.59\selenium-support-3.141.59.jar;C:\Users\Gurwinder\.m2\repository\net\bytebuddy\byte-buddy\1.8.15\byte-buddy-1.8.15.jar;C:\Users\Gurwinder\.m2\repository\org\apache\commons\commons-exec\1.3\commons-exec-1.3.jar;C:\Users\Gurwinder\.m2\repository\com\google\guava\guava\25.0-jre\guava-25.0-jre.jar;C:\Users\Gurwinder\.m2\repository\com\google\code\findbugs\jsr305\1.3.9\jsr305-1.3.9.jar;C:\Users\Gurwinder\.m2\repository\org\checkerframework\checker-compat-qual\2.0.0\checker-compat-qual-2.0.0.jar;C:\Users\Gurwinder\.m2\repository\com\google\errorprone\error_prone_annotations\2.1.3\error_prone_annotations-2.1.3.jar;C:\Users\Gurwinder\.m2\repository\com\google\j2objc\j2objc-annotations\1.1\j2objc-annotations-1.1.jar;C:\Users\Gurwinder\.m2\repository\org\codehaus\mojo\animal-sniffer-annotations\1.14\animal-sniffer-annotations-1.14.jar;C:\Users\Gurwinder\.m2\repository\com\squareup\okhttp3\okhttp\3.11.0\okhttp-3.11.0.jar;C:\Users\Gurwinder\.m2\repository\com\squareup\okio\okio\1.14.0\okio-1.14.0.jar;C:\Users\Gurwinder\.m2\repository\io\github\bonigarcia\webdrivermanager\5.1.0\webdrivermanager-5.1.0.jar;C:\Users\Gurwinder\.m2\repository\org\slf4j\slf4j-api\1.7.36\slf4j-api-1.7.36.jar;C:\Users\Gurwinder\.m2\repository\com\google\code\gson\gson\2.9.0\gson-2.9.0.jar;C:\Users\Gurwinder\.m2\repository\com\github\docker-java\docker-java\3.2.13\docker-java-3.2.13.jar;C:\Users\Gurwinder\.m2\repository\com\github\docker-java\docker-java-core\3.2.13\docker-java-core-3.2.13.jar;C:\Users\Gurwinder\.m2\repository\com\github\docker-java\docker-java-api\3.2.13\docker-java-api-3.2.13.jar;C:\Users\Gurwinder\.m2\repository\com\fasterxml\jackson\core\jackson-annotations\2.10.3\jackson-annotations-2.10.3.jar;C:\Users\Gurwinder\.m2\repository\commons-io\commons-io\2.6\commons-io-2.6.jar;C:\Users\Gurwinder\.m2\repository\org\apache\commons\commons-compress\1.21\commons-compress-1.21.jar;C:\Users\Gurwinder\.m2\repository\com\fasterxml\jackson\core\jackson-databind\2.10.3\jackson-databind-2.10.3.jar;C:\Users\Gurwinder\.m2\repository\com\fasterxml\jackson\core\jackson-core\2.10.3\jackson-core-2.10.3.jar;C:\Users\Gurwinder\.m2\repository\org\bouncycastle\bcpkix-jdk15on\1.64\bcpkix-jdk15on-1.64.jar;C:\Users\Gurwinder\.m2\repository\org\bouncycastle\bcprov-jdk15on\1.64\bcprov-jdk15on-1.64.jar;C:\Users\Gurwinder\.m2\repository\org\slf4j\jcl-over-slf4j\1.7.30\jcl-over-slf4j-1.7.30.jar;C:\Users\Gurwinder\.m2\repository\com\github\docker-java\docker-java-transport-httpclient5\3.2.13\docker-java-transport-httpclient5-3.2.13.jar;C:\Users\Gurwinder\.m2\repository\com\github\docker-java\docker-java-transport\3.2.13\docker-java-transport-3.2.13.jar;C:\Users\Gurwinder\.m2\repository\org\apache\httpcomponents\client5\httpclient5\5.0.3\httpclient5-5.0.3.jar;C:\Users\Gurwinder\.m2\repository\org\apache\httpcomponents\core5\httpcore5\5.0.2\httpcore5-5.0.2.jar;C:\Users\Gurwinder\.m2\repository\net\java\dev\jna\jna\5.8.0\jna-5.8.0.jar;C:\Users\Gurwinder\.m2\repository\org\brotli\dec\0.1.2\dec-0.1.2.jar;C:\Users\Gurwinder\.m2\repository\org\apache\commons\commons-lang3\3.12.0\commons-lang3-3.12.0.jar;C:\Users\Gurwinder\.m2\repository\log4j\log4j\1.2.17\log4j-1.2.17.jar;C:\Users\Gurwinder\.m2\repository\com\aventstack\extentreports\3.1.2\extentreports-3.1.2.jar;C:\Users\Gurwinder\.m2\repository\org\freemarker\freemarker\2.3.23\freemarker-2.3.23.jar;C:\Users\Gurwinder\.m2\repository\org\mongodb\mongodb-driver\3.3.0\mongodb-driver-3.3.0.jar;C:\Users\Gurwinder\.m2\repository\org\mongodb\bson\3.3.0\bson-3.3.0.jar;C:\Users\Gurwinder\.m2\repository\org\mongodb\mongodb-driver-core\3.3.0\mongodb-driver-core-3.3.0.jar;C:\Users\Gurwinder\.m2\repository\org\apache\httpcomponents\httpclient\4.5.2\httpclient-4.5.2.jar;C:\Users\Gurwinder\.m2\repository\org\apache\httpcomponents\httpcore\4.4.4\httpcore-4.4.4.jar;C:\Users\Gurwinder\.m2\repository\commons-logging\commons-logging\1.2\commons-logging-1.2.jar;C:\Users\Gurwinder\.m2\repository\org\apache\httpcomponents\httpmime\4.5.2\httpmime-4.5.2.jar;C:\Users\Gurwinder\.m2\repository\org\jsoup\jsoup\1.9.2\jsoup-1.9.2.jar;C:\Users\Gurwinder\.m2\repository\org\apache\poi\poi\3.17\poi-3.17.jar;C:\Users\Gurwinder\.m2\repository\commons-codec\commons-codec\1.10\commons-codec-1.10.jar;C:\Users\Gurwinder\.m2\repository\org\apache\commons\commons-collections4\4.1\commons-collections4-4.1.jar;C:\Users\Gurwinder\.m2\repository\org\apache\poi\poi-ooxml\3.17\poi-ooxml-3.17.jar;C:\Users\Gurwinder\.m2\repository\org\apache\poi\poi-ooxml-schemas\3.17\poi-ooxml-schemas-3.17.jar;C:\Users\Gurwinder\.m2\repository\org\apache\xmlbeans\xmlbeans\2.6.0\xmlbeans-2.6.0.jar;C:\Users\Gurwinder\.m2\repository\stax\stax-api\1.0.1\stax-api-1.0.1.jar;C:\Users\Gurwinder\.m2\repository\com\github\virtuald\curvesapi\1.04\curvesapi-1.04.jar;"/>
    <property name="java.vm.vendor" value="Oracle Corporation"/>
    <property name="sun.arch.data.model" value="64"/>
    <property name="user.variant" value=""/>
    <property name="java.vendor.url" value="https://openjdk.java.net/"/>
    <property name="user.timezone" value="America/New_York"/>
    <property name="java.vm.specification.version" value="11"/>
    <property name="os.name" value="Windows 10"/>
    <property name="sun.java.launcher" value="SUN_STANDARD"/>
    <property name="user.country" value="CA"/>
    <property name="sun.boot.library.path" value="C:\Program Files\Java\jdk-11.0.16\bin"/>
    <property name="sun.java.command" value="C:\Users\GURWIN~1\AppData\Local\Temp\surefire15051589632356596604\surefirebooter5852823826366238204.jar C:\Users\Gurwinder\AppData\Local\Temp\surefire15051589632356596604 2023-07-05T13-58-54_069-jvmRun1 surefire5499784055214230504tmp surefire_07755926687775821635tmp"/>
    <property name="jdk.debug" value="release"/>
    <property name="surefire.test.class.path" value="C:\Users\Gurwinder\eclipse-workspace\automationFramework\target\test-classes;C:\Users\Gurwinder\eclipse-workspace\automationFramework\target\classes;C:\Users\Gurwinder\.m2\repository\junit\junit\4.11\junit-4.11.jar;C:\Users\Gurwinder\.m2\repository\org\hamcrest\hamcrest-core\1.3\hamcrest-core-1.3.jar;C:\Users\Gurwinder\.m2\repository\org\testng\testng\6.14.3\testng-6.14.3.jar;C:\Users\Gurwinder\.m2\repository\com\beust\jcommander\1.72\jcommander-1.72.jar;C:\Users\Gurwinder\.m2\repository\org\apache-extras\beanshell\bsh\2.0b6\bsh-2.0b6.jar;C:\Users\Gurwinder\.m2\repository\org\seleniumhq\selenium\selenium-java\3.141.59\selenium-java-3.141.59.jar;C:\Users\Gurwinder\.m2\repository\org\seleniumhq\selenium\selenium-api\3.141.59\selenium-api-3.141.59.jar;C:\Users\Gurwinder\.m2\repository\org\seleniumhq\selenium\selenium-chrome-driver\3.141.59\selenium-chrome-driver-3.141.59.jar;C:\Users\Gurwinder\.m2\repository\org\seleniumhq\selenium\selenium-edge-driver\3.141.59\selenium-edge-driver-3.141.59.jar;C:\Users\Gurwinder\.m2\repository\org\seleniumhq\selenium\selenium-firefox-driver\3.141.59\selenium-firefox-driver-3.141.59.jar;C:\Users\Gurwinder\.m2\repository\org\seleniumhq\selenium\selenium-ie-driver\3.141.59\selenium-ie-driver-3.141.59.jar;C:\Users\Gurwinder\.m2\repository\org\seleniumhq\selenium\selenium-opera-driver\3.141.59\selenium-opera-driver-3.141.59.jar;C:\Users\Gurwinder\.m2\repository\org\seleniumhq\selenium\selenium-remote-driver\3.141.59\selenium-remote-driver-3.141.59.jar;C:\Users\Gurwinder\.m2\repository\org\seleniumhq\selenium\selenium-safari-driver\3.141.59\selenium-safari-driver-3.141.59.jar;C:\Users\Gurwinder\.m2\repository\org\seleniumhq\selenium\selenium-support\3.141.59\selenium-support-3.141.59.jar;C:\Users\Gurwinder\.m2\repository\net\bytebuddy\byte-buddy\1.8.15\byte-buddy-1.8.15.jar;C:\Users\Gurwinder\.m2\repository\org\apache\commons\commons-exec\1.3\commons-exec-1.3.jar;C:\Users\Gurwinder\.m2\repository\com\google\guava\guava\25.0-jre\guava-25.0-jre.jar;C:\Users\Gurwinder\.m2\repository\com\google\code\findbugs\jsr305\1.3.9\jsr305-1.3.9.jar;C:\Users\Gurwinder\.m2\repository\org\checkerframework\checker-compat-qual\2.0.0\checker-compat-qual-2.0.0.jar;C:\Users\Gurwinder\.m2\repository\com\google\errorprone\error_prone_annotations\2.1.3\error_prone_annotations-2.1.3.jar;C:\Users\Gurwinder\.m2\repository\com\google\j2objc\j2objc-annotations\1.1\j2objc-annotations-1.1.jar;C:\Users\Gurwinder\.m2\repository\org\codehaus\mojo\animal-sniffer-annotations\1.14\animal-sniffer-annotations-1.14.jar;C:\Users\Gurwinder\.m2\repository\com\squareup\okhttp3\okhttp\3.11.0\okhttp-3.11.0.jar;C:\Users\Gurwinder\.m2\repository\com\squareup\okio\okio\1.14.0\okio-1.14.0.jar;C:\Users\Gurwinder\.m2\repository\io\github\bonigarcia\webdrivermanager\5.1.0\webdrivermanager-5.1.0.jar;C:\Users\Gurwinder\.m2\repository\org\slf4j\slf4j-api\1.7.36\slf4j-api-1.7.36.jar;C:\Users\Gurwinder\.m2\repository\com\google\code\gson\gson\2.9.0\gson-2.9.0.jar;C:\Users\Gurwinder\.m2\repository\com\github\docker-java\docker-java\3.2.13\docker-java-3.2.13.jar;C:\Users\Gurwinder\.m2\repository\com\github\docker-java\docker-java-core\3.2.13\docker-java-core-3.2.13.jar;C:\Users\Gurwinder\.m2\repository\com\github\docker-java\docker-java-api\3.2.13\docker-java-api-3.2.13.jar;C:\Users\Gurwinder\.m2\repository\com\fasterxml\jackson\core\jackson-annotations\2.10.3\jackson-annotations-2.10.3.jar;C:\Users\Gurwinder\.m2\repository\commons-io\commons-io\2.6\commons-io-2.6.jar;C:\Users\Gurwinder\.m2\repository\org\apache\commons\commons-compress\1.21\commons-compress-1.21.jar;C:\Users\Gurwinder\.m2\repository\com\fasterxml\jackson\core\jackson-databind\2.10.3\jackson-databind-2.10.3.jar;C:\Users\Gurwinder\.m2\repository\com\fasterxml\jackson\core\jackson-core\2.10.3\jackson-core-2.10.3.jar;C:\Users\Gurwinder\.m2\repository\org\bouncycastle\bcpkix-jdk15on\1.64\bcpkix-jdk15on-1.64.jar;C:\Users\Gurwinder\.m2\repository\org\bouncycastle\bcprov-jdk15on\1.64\bcprov-jdk15on-1.64.jar;C:\Users\Gurwinder\.m2\repository\org\slf4j\jcl-over-slf4j\1.7.30\jcl-over-slf4j-1.7.30.jar;C:\Users\Gurwinder\.m2\repository\com\github\docker-java\docker-java-transport-httpclient5\3.2.13\docker-java-transport-httpclient5-3.2.13.jar;C:\Users\Gurwinder\.m2\repository\com\github\docker-java\docker-java-transport\3.2.13\docker-java-transport-3.2.13.jar;C:\Users\Gurwinder\.m2\repository\org\apache\httpcomponents\client5\httpclient5\5.0.3\httpclient5-5.0.3.jar;C:\Users\Gurwinder\.m2\repository\org\apache\httpcomponents\core5\httpcore5\5.0.2\httpcore5-5.0.2.jar;C:\Users\Gurwinder\.m2\repository\net\java\dev\jna\jna\5.8.0\jna-5.8.0.jar;C:\Users\Gurwinder\.m2\repository\org\brotli\dec\0.1.2\dec-0.1.2.jar;C:\Users\Gurwinder\.m2\repository\org\apache\commons\commons-lang3\3.12.0\commons-lang3-3.12.0.jar;C:\Users\Gurwinder\.m2\repository\log4j\log4j\1.2.17\log4j-1.2.17.jar;C:\Users\Gurwinder\.m2\repository\com\aventstack\extentreports\3.1.2\extentreports-3.1.2.jar;C:\Users\Gurwinder\.m2\repository\org\freemarker\freemarker\2.3.23\freemarker-2.3.23.jar;C:\Users\Gurwinder\.m2\repository\org\mongodb\mongodb-driver\3.3.0\mongodb-driver-3.3.0.jar;C:\Users\Gurwinder\.m2\repository\org\mongodb\bson\3.3.0\bson-3.3.0.jar;C:\Users\Gurwinder\.m2\repository\org\mongodb\mongodb-driver-core\3.3.0\mongodb-driver-core-3.3.0.jar;C:\Users\Gurwinder\.m2\repository\org\apache\httpcomponents\httpclient\4.5.2\httpclient-4.5.2.jar;C:\Users\Gurwinder\.m2\repository\org\apache\httpcomponents\httpcore\4.4.4\httpcore-4.4.4.jar;C:\Users\Gurwinder\.m2\repository\commons-logging\commons-logging\1.2\commons-logging-1.2.jar;C:\Users\Gurwinder\.m2\repository\org\apache\httpcomponents\httpmime\4.5.2\httpmime-4.5.2.jar;C:\Users\Gurwinder\.m2\repository\org\jsoup\jsoup\1.9.2\jsoup-1.9.2.jar;C:\Users\Gurwinder\.m2\repository\org\apache\poi\poi\3.17\poi-3.17.jar;C:\Users\Gurwinder\.m2\repository\commons-codec\commons-codec\1.10\commons-codec-1.10.jar;C:\Users\Gurwinder\.m2\repository\org\apache\commons\commons-collections4\4.1\commons-collections4-4.1.jar;C:\Users\Gurwinder\.m2\repository\org\apache\poi\poi-ooxml\3.17\poi-ooxml-3.17.jar;C:\Users\Gurwinder\.m2\repository\org\apache\poi\poi-ooxml-schemas\3.17\poi-ooxml-schemas-3.17.jar;C:\Users\Gurwinder\.m2\repository\org\apache\xmlbeans\xmlbeans\2.6.0\xmlbeans-2.6.0.jar;C:\Users\Gurwinder\.m2\repository\stax\stax-api\1.0.1\stax-api-1.0.1.jar;C:\Users\Gurwinder\.m2\repository\com\github\virtuald\curvesapi\1.04\curvesapi-1.04.jar;"/>
    <property name="sun.cpu.endian" value="little"/>
    <property name="user.home" value="C:\Users\Gurwinder"/>
    <property name="user.language" value="en"/>
    <property name="java.specification.vendor" value="Oracle Corporation"/>
    <property name="java.version.date" value="2022-07-19"/>
    <property name="java.home" value="C:\Program Files\Java\jdk-11.0.16"/>
    <property name="file.separator" value="\"/>
    <property name="basedir" value="C:\Users\Gurwinder\eclipse-workspace\automationFramework"/>
    <property name="java.vm.compressedOopsMode" value="32-bit"/>
    <property name="line.separator" value="&#10;"/>
    <property name="java.specification.name" value="Java Platform API Specification"/>
    <property name="java.vm.specification.vendor" value="Oracle Corporation"/>
    <property name="java.awt.graphicsenv" value="sun.awt.Win32GraphicsEnvironment"/>
    <property name="surefire.real.class.path" value="C:\Users\GURWIN~1\AppData\Local\Temp\surefire15051589632356596604\surefirebooter5852823826366238204.jar"/>
    <property name="user.script" value=""/>
    <property name="sun.management.compiler" value="HotSpot 64-Bit Tiered Compilers"/>
    <property name="java.runtime.version" value="11.0.16+11-LTS-199"/>
    <property name="user.name" value="Gurwinder"/>
    <property name="path.separator" value=";"/>
    <property name="os.version" value="10.0"/>
    <property name="java.runtime.name" value="Java(TM) SE Runtime Environment"/>
    <property name="file.encoding" value="Cp1252"/>
    <property name="java.vm.name" value="Java HotSpot(TM) 64-Bit Server VM"/>
    <property name="java.vendor.version" value="18.9"/>
    <property name="localRepository" value="C:\Users\Gurwinder\.m2\repository"/>
    <property name="java.vendor.url.bug" value="https://bugreport.java.com/bugreport/"/>
    <property name="java.io.tmpdir" value="C:\Users\GURWIN~1\AppData\Local\Temp\"/>
    <property name="java.version" value="11.0.16"/>
    <property name="user.dir" value="C:\Users\Gurwinder\eclipse-workspace\automationFramework"/>
    <property name="os.arch" value="amd64"/>
    <property name="java.vm.specification.name" value="Java Virtual Machine Specification"/>
    <property name="java.awt.printerjob" value="sun.awt.windows.WPrinterJob"/>
    <property name="sun.os.patch.level" value=""/>
    <property name="java.library.path" value="C:\Program Files\Java\jdk-11.0.16\bin;C:\WINDOWS\Sun\Java\bin;C:\WINDOWS\system32;C:\WINDOWS;C:\Program Files\Common Files\Oracle\Java\javapath;C:\Program Files (x86)\Intel\iCLS Client\;C:\Program Files\Intel\iCLS Client\;C:\Program Files (x86)\NVIDIA Corporation\PhysX\Common;C:\WINDOWS\system32;C:\WINDOWS;C:\WINDOWS\System32\Wbem;C:\WINDOWS\System32\WindowsPowerShell\v1.0\;C:\Program Files\Hewlett-Packard\SimplePass\;C:\Program Files\Intel\Intel(R) Management Engine Components\DAL;C:\Program Files (x86)\Intel\Intel(R) Management Engine Components\DAL;C:\Program Files\Intel\Intel(R) Management Engine Components\IPT;C:\Program Files (x86)\Intel\Intel(R) Management Engine Components\IPT;C:\WINDOWS\System32\OpenSSH\;C:\Program Files\Git\cmd;C:\Program Files\Java\jdk-11.0.16\bin;C:\Maven\apache-maven-3.8.6\bin;C:\Users\Gurwinder\AppData\Local\Microsoft\WindowsApps;."/>
    <property name="java.vendor" value="Oracle Corporation"/>
    <property name="java.vm.info" value="mixed mode"/>
    <property name="java.vm.version" value="11.0.16+11-LTS-199"/>
    <property name="sun.io.unicode.encoding" value="UnicodeLittle"/>
    <property name="java.class.version" value="55.0"/>
  </properties>
  <testcase name="validateUserRegisterWithValidDetails" classname="com.naveenautomationlabs.automationFramework.tests.AccountHasBeenCreatedTest" time="4.521">
    <failure message="Unable to create account expected [Your Account Has Been Created!] but found [Register Account]" type="java.lang.AssertionError">java.lang.AssertionError: Unable to create account expected [Your Account Has Been Created!] but found [Register Account]
	at com.naveenautomationlabs.automationFramework.tests.AccountHasBeenCreatedTest.validateUserRegisterWithValidDetails(AccountHasBeenCreatedTest.java:32)
</failure>
    <system-out><![CDATA[2023-07-05 13:59:03 INFO  TestBase:39 - Navigating to URL: https://naveenautomationlabs.com/opencart/index.php?route=common/home
0 [main] INFO com.naveenautomationlabs.automationFramework.base.TestBase  - Navigating to URL: https://naveenautomationlabs.com/opencart/index.php?route=common/home
2023-07-05 13:59:08 INFO  TestBase:45 - Navigated to URL: https://naveenautomationlabs.com/opencart/index.php?route=common/home
5026 [main] INFO com.naveenautomationlabs.automationFramework.base.TestBase  - Navigated to URL: https://naveenautomationlabs.com/opencart/index.php?route=common/home
2023-07-05 13:59:09 INFO  TestBase:87 - Finding Element: By.cssSelector: ul.list-inline>li:nth-of-type(2) a
5812 [main] INFO com.naveenautomationlabs.automationFramework.base.TestBase  - Finding Element: By.cssSelector: ul.list-inline>li:nth-of-type(2) a
2023-07-05 13:59:09 INFO  TestBase:93 - Found Element: By.cssSelector: ul.list-inline>li:nth-of-type(2) a
6023 [main] INFO com.naveenautomationlabs.automationFramework.base.TestBase  - Found Element: By.cssSelector: ul.list-inline>li:nth-of-type(2) a
2023-07-05 13:59:09 INFO  TestBase:105 - Clicked ON: [[ChromeDriver: chrome on WINDOWS (2f69bcbc04d5fd86e585286ed94cacfe)] -> css selector: ul.list-inline>li:nth-of-type(2) a]
6330 [main] INFO com.naveenautomationlabs.automationFramework.base.TestBase  - Clicked ON: [[ChromeDriver: chrome on WINDOWS (2f69bcbc04d5fd86e585286ed94cacfe)] -> css selector: ul.list-inline>li:nth-of-type(2) a]
2023-07-05 13:59:09 INFO  TestBase:87 - Finding Element: By.cssSelector: ul.list-inline li:nth-of-type(2) ul>li 
6335 [main] INFO com.naveenautomationlabs.automationFramework.base.TestBase  - Finding Element: By.cssSelector: ul.list-inline li:nth-of-type(2) ul>li 
2023-07-05 13:59:09 INFO  TestBase:93 - Found Element: By.cssSelector: ul.list-inline li:nth-of-type(2) ul>li 
6372 [main] INFO com.naveenautomationlabs.automationFramework.base.TestBase  - Found Element: By.cssSelector: ul.list-inline li:nth-of-type(2) ul>li 
2023-07-05 13:59:11 INFO  TestBase:105 - Clicked ON: [[ChromeDriver: chrome on WINDOWS (2f69bcbc04d5fd86e585286ed94cacfe)] -> css selector: ul.list-inline li:nth-of-type(2) ul>li ]
7445 [main] INFO com.naveenautomationlabs.automationFramework.base.TestBase  - Clicked ON: [[ChromeDriver: chrome on WINDOWS (2f69bcbc04d5fd86e585286ed94cacfe)] -> css selector: ul.list-inline li:nth-of-type(2) ul>li ]
2023-07-05 13:59:11 INFO  TestBase:87 - Finding Element: By.cssSelector: #input-firstname
7454 [main] INFO com.naveenautomationlabs.automationFramework.base.TestBase  - Finding Element: By.cssSelector: #input-firstname
2023-07-05 13:59:11 INFO  TestBase:93 - Found Element: By.cssSelector: #input-firstname
7502 [main] INFO com.naveenautomationlabs.automationFramework.base.TestBase  - Found Element: By.cssSelector: #input-firstname
2023-07-05 13:59:11 INFO  TestBase:87 - Finding Element: By.cssSelector: #input-lastname
8135 [main] INFO com.naveenautomationlabs.automationFramework.base.TestBase  - Finding Element: By.cssSelector: #input-lastname
2023-07-05 13:59:11 INFO  TestBase:93 - Found Element: By.cssSelector: #input-lastname
8161 [main] INFO com.naveenautomationlabs.automationFramework.base.TestBase  - Found Element: By.cssSelector: #input-lastname
2023-07-05 13:59:11 INFO  TestBase:87 - Finding Element: By.cssSelector: #input-email
8289 [main] INFO com.naveenautomationlabs.automationFramework.base.TestBase  - Finding Element: By.cssSelector: #input-email
2023-07-05 13:59:11 INFO  TestBase:93 - Found Element: By.cssSelector: #input-email
8388 [main] INFO com.naveenautomationlabs.automationFramework.base.TestBase  - Found Element: By.cssSelector: #input-email
2023-07-05 13:59:12 INFO  TestBase:87 - Finding Element: By.cssSelector: #input-telephone
8601 [main] INFO com.naveenautomationlabs.automationFramework.base.TestBase  - Finding Element: By.cssSelector: #input-telephone
2023-07-05 13:59:12 INFO  TestBase:93 - Found Element: By.cssSelector: #input-telephone
8680 [main] INFO com.naveenautomationlabs.automationFramework.base.TestBase  - Found Element: By.cssSelector: #input-telephone
2023-07-05 13:59:12 INFO  TestBase:87 - Finding Element: By.cssSelector: #input-password
8809 [main] INFO com.naveenautomationlabs.automationFramework.base.TestBase  - Finding Element: By.cssSelector: #input-password
2023-07-05 13:59:12 INFO  TestBase:93 - Found Element: By.cssSelector: #input-password
8891 [main] INFO com.naveenautomationlabs.automationFramework.base.TestBase  - Found Element: By.cssSelector: #input-password
2023-07-05 13:59:12 INFO  TestBase:87 - Finding Element: By.cssSelector: #input-confirm
9007 [main] INFO com.naveenautomationlabs.automationFramework.base.TestBase  - Finding Element: By.cssSelector: #input-confirm
2023-07-05 13:59:12 INFO  TestBase:93 - Found Element: By.cssSelector: #input-confirm
9043 [main] INFO com.naveenautomationlabs.automationFramework.base.TestBase  - Found Element: By.cssSelector: #input-confirm
2023-07-05 13:59:12 INFO  TestBase:87 - Finding Element: By.xpath: (//input[@name='newsletter']) [1]
9175 [main] INFO com.naveenautomationlabs.automationFramework.base.TestBase  - Finding Element: By.xpath: (//input[@name='newsletter']) [1]
2023-07-05 13:59:12 INFO  TestBase:93 - Found Element: By.xpath: (//input[@name='newsletter']) [1]
9208 [main] INFO com.naveenautomationlabs.automationFramework.base.TestBase  - Found Element: By.xpath: (//input[@name='newsletter']) [1]
2023-07-05 13:59:12 INFO  TestBase:87 - Finding Element: By.cssSelector: input[type='checkbox']
9313 [main] INFO com.naveenautomationlabs.automationFramework.base.TestBase  - Finding Element: By.cssSelector: input[type='checkbox']
2023-07-05 13:59:12 INFO  TestBase:93 - Found Element: By.cssSelector: input[type='checkbox']
9341 [main] INFO com.naveenautomationlabs.automationFramework.base.TestBase  - Found Element: By.cssSelector: input[type='checkbox']
2023-07-05 13:59:12 INFO  TestBase:105 - Clicked ON: [[ChromeDriver: chrome on WINDOWS (2f69bcbc04d5fd86e585286ed94cacfe)] -> css selector: input[type='checkbox']]
9419 [main] INFO com.naveenautomationlabs.automationFramework.base.TestBase  - Clicked ON: [[ChromeDriver: chrome on WINDOWS (2f69bcbc04d5fd86e585286ed94cacfe)] -> css selector: input[type='checkbox']]
2023-07-05 13:59:12 INFO  TestBase:87 - Finding Element: By.cssSelector: input[type='submit']
9419 [main] INFO com.naveenautomationlabs.automationFramework.base.TestBase  - Finding Element: By.cssSelector: input[type='submit']
2023-07-05 13:59:13 INFO  TestBase:93 - Found Element: By.cssSelector: input[type='submit']
9460 [main] INFO com.naveenautomationlabs.automationFramework.base.TestBase  - Found Element: By.cssSelector: input[type='submit']
2023-07-05 13:59:13 INFO  TestBase:87 - Finding Element: By.cssSelector: #content h1
10096 [main] INFO com.naveenautomationlabs.automationFramework.base.TestBase  - Finding Element: By.cssSelector: #content h1
2023-07-05 13:59:13 INFO  TestBase:93 - Found Element: By.cssSelector: #content h1
10186 [main] INFO com.naveenautomationlabs.automationFramework.base.TestBase  - Found Element: By.cssSelector: #content h1
]]></system-out>
    <system-err><![CDATA[SLF4J: Failed to load class "org.slf4j.impl.StaticLoggerBinder".
SLF4J: Defaulting to no-operation (NOP) logger implementation
SLF4J: See http://www.slf4j.org/codes.html#StaticLoggerBinder for further details.
Starting ChromeDriver 114.0.5735.90 (386bc09e8f4f2e025eddae123f36f6263096ae49-refs/branch-heads/5735@{#1052}) on port 23031
Only local connections are allowed.
Please see https://chromedriver.chromium.org/security-considerations for suggestions on keeping ChromeDriver safe.
ChromeDriver was started successfully.
Jul. 05, 2023 1:59:03 P.M. org.openqa.selenium.remote.ProtocolHandshake createSession
INFO: Detected dialect: W3C
]]></system-err>
  </testcase>
  <testcase name="loginTest" classname="com.naveenautomationlabs.automationFramework.tests.MyAccountTest" time="2.166"/>
  <testcase name="loginTest" classname="com.naveenautomationlabs.automationFramework.tests.MyAccountTest" time="2.633"/>
  <testcase name="loginTest" classname="com.naveenautomationlabs.automationFramework.tests.MyAccountTest" time="2.141"/>
  <testcase name="loginTest" classname="com.naveenautomationlabs.automationFramework.tests.MyAccountTest" time="2.525"/>
  <testcase name="validateLoginUsingValidCredential" classname="com.naveenautomationlabs.automationFramework.tests.MyAccountTest" time="1.696">
    <failure message="You are on wrong page expected [My Account] but found [New Customer]" type="java.lang.AssertionError">java.lang.AssertionError: You are on wrong page expected [My Account] but found [New Customer]
	at com.naveenautomationlabs.automationFramework.tests.MyAccountTest.validateLoginUsingValidCredential(MyAccountTest.java:33)
</failure>
    <system-out><![CDATA[2023-07-05 14:00:00 INFO  TestBase:39 - Navigating to URL: https://naveenautomationlabs.com/opencart/index.php?route=common/home
57022 [main] INFO com.naveenautomationlabs.automationFramework.base.TestBase  - Navigating to URL: https://naveenautomationlabs.com/opencart/index.php?route=common/home
2023-07-05 14:00:14 INFO  TestBase:45 - Navigated to URL: https://naveenautomationlabs.com/opencart/index.php?route=common/home
71253 [main] INFO com.naveenautomationlabs.automationFramework.base.TestBase  - Navigated to URL: https://naveenautomationlabs.com/opencart/index.php?route=common/home
2023-07-05 14:00:15 INFO  TestBase:87 - Finding Element: By.cssSelector: ul.list-inline>li:nth-of-type(2) a
71510 [main] INFO com.naveenautomationlabs.automationFramework.base.TestBase  - Finding Element: By.cssSelector: ul.list-inline>li:nth-of-type(2) a
2023-07-05 14:00:15 INFO  TestBase:93 - Found Element: By.cssSelector: ul.list-inline>li:nth-of-type(2) a
71546 [main] INFO com.naveenautomationlabs.automationFramework.base.TestBase  - Found Element: By.cssSelector: ul.list-inline>li:nth-of-type(2) a
2023-07-05 14:00:15 INFO  TestBase:105 - Clicked ON: [[ChromeDriver: chrome on WINDOWS (b5ab81454b082f48444649083f616b1e)] -> css selector: ul.list-inline>li:nth-of-type(2) a]
71635 [main] INFO com.naveenautomationlabs.automationFramework.base.TestBase  - Clicked ON: [[ChromeDriver: chrome on WINDOWS (b5ab81454b082f48444649083f616b1e)] -> css selector: ul.list-inline>li:nth-of-type(2) a]
2023-07-05 14:00:15 INFO  TestBase:87 - Finding Element: By.cssSelector: ul.dropdown-menu  li:nth-of-type(2) a
71638 [main] INFO com.naveenautomationlabs.automationFramework.base.TestBase  - Finding Element: By.cssSelector: ul.dropdown-menu  li:nth-of-type(2) a
2023-07-05 14:00:15 INFO  TestBase:93 - Found Element: By.cssSelector: ul.dropdown-menu  li:nth-of-type(2) a
71690 [main] INFO com.naveenautomationlabs.automationFramework.base.TestBase  - Found Element: By.cssSelector: ul.dropdown-menu  li:nth-of-type(2) a
2023-07-05 14:00:15 INFO  TestBase:105 - Clicked ON: [[ChromeDriver: chrome on WINDOWS (b5ab81454b082f48444649083f616b1e)] -> css selector: ul.dropdown-menu  li:nth-of-type(2) a]
72387 [main] INFO com.naveenautomationlabs.automationFramework.base.TestBase  - Clicked ON: [[ChromeDriver: chrome on WINDOWS (b5ab81454b082f48444649083f616b1e)] -> css selector: ul.dropdown-menu  li:nth-of-type(2) a]
2023-07-05 14:00:15 INFO  TestBase:87 - Finding Element: By.cssSelector: input[value='Login']
72388 [main] INFO com.naveenautomationlabs.automationFramework.base.TestBase  - Finding Element: By.cssSelector: input[value='Login']
2023-07-05 14:00:15 INFO  TestBase:93 - Found Element: By.cssSelector: input[value='Login']
72443 [main] INFO com.naveenautomationlabs.automationFramework.base.TestBase  - Found Element: By.cssSelector: input[value='Login']
2023-07-05 14:00:16 INFO  TestBase:105 - Clicked ON: [[ChromeDriver: chrome on WINDOWS (b5ab81454b082f48444649083f616b1e)] -> css selector: input[value='Login']]
73100 [main] INFO com.naveenautomationlabs.automationFramework.base.TestBase  - Clicked ON: [[ChromeDriver: chrome on WINDOWS (b5ab81454b082f48444649083f616b1e)] -> css selector: input[value='Login']]
2023-07-05 14:00:16 INFO  TestBase:87 - Finding Element: By.cssSelector: #content h2
73102 [main] INFO com.naveenautomationlabs.automationFramework.base.TestBase  - Finding Element: By.cssSelector: #content h2
2023-07-05 14:00:16 INFO  TestBase:93 - Found Element: By.cssSelector: #content h2
73141 [main] INFO com.naveenautomationlabs.automationFramework.base.TestBase  - Found Element: By.cssSelector: #content h2
]]></system-out>
    <system-err><![CDATA[Starting ChromeDriver 114.0.5735.90 (386bc09e8f4f2e025eddae123f36f6263096ae49-refs/branch-heads/5735@{#1052}) on port 31694
Only local connections are allowed.
Please see https://chromedriver.chromium.org/security-considerations for suggestions on keeping ChromeDriver safe.
ChromeDriver was started successfully.
Jul. 05, 2023 2:00:00 P.M. org.openqa.selenium.remote.ProtocolHandshake createSession
INFO: Detected dialect: W3C
]]></system-err>
  </testcase>
  <testcase name="validateSideNavigationBar" classname="com.naveenautomationlabs.automationFramework.tests.MyAccountTest" time="1.907">
    <failure message="navigation option  is not clicked expected [true] but found [false]" type="java.lang.AssertionError">java.lang.AssertionError: navigation option  is not clicked expected [true] but found [false]
	at com.naveenautomationlabs.automationFramework.tests.MyAccountTest.validateSideNavigationBar(MyAccountTest.java:42)
</failure>
    <system-out><![CDATA[2023-07-05 14:00:18 INFO  TestBase:39 - Navigating to URL: https://naveenautomationlabs.com/opencart/index.php?route=common/home
74683 [main] INFO com.naveenautomationlabs.automationFramework.base.TestBase  - Navigating to URL: https://naveenautomationlabs.com/opencart/index.php?route=common/home
2023-07-05 14:00:24 INFO  TestBase:45 - Navigated to URL: https://naveenautomationlabs.com/opencart/index.php?route=common/home
81214 [main] INFO com.naveenautomationlabs.automationFramework.base.TestBase  - Navigated to URL: https://naveenautomationlabs.com/opencart/index.php?route=common/home
2023-07-05 14:00:24 INFO  TestBase:87 - Finding Element: By.cssSelector: ul.list-inline>li:nth-of-type(2) a
81437 [main] INFO com.naveenautomationlabs.automationFramework.base.TestBase  - Finding Element: By.cssSelector: ul.list-inline>li:nth-of-type(2) a
2023-07-05 14:00:25 INFO  TestBase:93 - Found Element: By.cssSelector: ul.list-inline>li:nth-of-type(2) a
81475 [main] INFO com.naveenautomationlabs.automationFramework.base.TestBase  - Found Element: By.cssSelector: ul.list-inline>li:nth-of-type(2) a
2023-07-05 14:00:25 INFO  TestBase:105 - Clicked ON: [[ChromeDriver: chrome on WINDOWS (4809e07a92a32b5c895855b459a0212b)] -> css selector: ul.list-inline>li:nth-of-type(2) a]
81555 [main] INFO com.naveenautomationlabs.automationFramework.base.TestBase  - Clicked ON: [[ChromeDriver: chrome on WINDOWS (4809e07a92a32b5c895855b459a0212b)] -> css selector: ul.list-inline>li:nth-of-type(2) a]
2023-07-05 14:00:25 INFO  TestBase:87 - Finding Element: By.cssSelector: ul.dropdown-menu  li:nth-of-type(2) a
81558 [main] INFO com.naveenautomationlabs.automationFramework.base.TestBase  - Finding Element: By.cssSelector: ul.dropdown-menu  li:nth-of-type(2) a
2023-07-05 14:00:25 INFO  TestBase:93 - Found Element: By.cssSelector: ul.dropdown-menu  li:nth-of-type(2) a
81602 [main] INFO com.naveenautomationlabs.automationFramework.base.TestBase  - Found Element: By.cssSelector: ul.dropdown-menu  li:nth-of-type(2) a
2023-07-05 14:00:25 INFO  TestBase:105 - Clicked ON: [[ChromeDriver: chrome on WINDOWS (4809e07a92a32b5c895855b459a0212b)] -> css selector: ul.dropdown-menu  li:nth-of-type(2) a]
82298 [main] INFO com.naveenautomationlabs.automationFramework.base.TestBase  - Clicked ON: [[ChromeDriver: chrome on WINDOWS (4809e07a92a32b5c895855b459a0212b)] -> css selector: ul.dropdown-menu  li:nth-of-type(2) a]
2023-07-05 14:00:25 INFO  TestBase:87 - Finding Element: By.cssSelector: input[value='Login']
82299 [main] INFO com.naveenautomationlabs.automationFramework.base.TestBase  - Finding Element: By.cssSelector: input[value='Login']
2023-07-05 14:00:25 INFO  TestBase:93 - Found Element: By.cssSelector: input[value='Login']
82363 [main] INFO com.naveenautomationlabs.automationFramework.base.TestBase  - Found Element: By.cssSelector: input[value='Login']
2023-07-05 14:00:26 INFO  TestBase:105 - Clicked ON: [[ChromeDriver: chrome on WINDOWS (4809e07a92a32b5c895855b459a0212b)] -> css selector: input[value='Login']]
83034 [main] INFO com.naveenautomationlabs.automationFramework.base.TestBase  - Clicked ON: [[ChromeDriver: chrome on WINDOWS (4809e07a92a32b5c895855b459a0212b)] -> css selector: input[value='Login']]
2023-07-05 14:00:26 INFO  TestBase:87 - Finding Element: By.cssSelector: div.list-group a
83035 [main] INFO com.naveenautomationlabs.automationFramework.base.TestBase  - Finding Element: By.cssSelector: div.list-group a
2023-07-05 14:00:26 INFO  TestBase:93 - Found Element: By.cssSelector: div.list-group a
83093 [main] INFO com.naveenautomationlabs.automationFramework.base.TestBase  - Found Element: By.cssSelector: div.list-group a
]]></system-out>
    <system-err><![CDATA[Starting ChromeDriver 114.0.5735.90 (386bc09e8f4f2e025eddae123f36f6263096ae49-refs/branch-heads/5735@{#1052}) on port 23381
Only local connections are allowed.
Please see https://chromedriver.chromium.org/security-considerations for suggestions on keeping ChromeDriver safe.
ChromeDriver was started successfully.
Jul. 05, 2023 2:00:18 P.M. org.openqa.selenium.remote.ProtocolHandshake createSession
INFO: Detected dialect: W3C
]]></system-err>
  </testcase>
  <testcase name="validateUserRegisterWithAlreadyRegisteredEmail" classname="com.naveenautomationlabs.automationFramework.tests.RegisterAccountTest" time="3.464"/>
  <testcase name="failedTestCaseExample" classname="com.naveenautomationlabs.automationFramework.tests.YourStoreTest" time="0">
    <failure message="expected [Kaur] but found [Manpreet]" type="java.lang.AssertionError">java.lang.AssertionError: expected [Kaur] but found [Manpreet]
	at com.naveenautomationlabs.automationFramework.tests.YourStoreTest.failedTestCaseExample(YourStoreTest.java:33)
</failure>
    <system-out><![CDATA[2023-07-05 14:00:40 INFO  TestBase:39 - Navigating to URL: https://naveenautomationlabs.com/opencart/index.php?route=common/home
96904 [main] INFO com.naveenautomationlabs.automationFramework.base.TestBase  - Navigating to URL: https://naveenautomationlabs.com/opencart/index.php?route=common/home
2023-07-05 14:00:45 INFO  TestBase:45 - Navigated to URL: https://naveenautomationlabs.com/opencart/index.php?route=common/home
102441 [main] INFO com.naveenautomationlabs.automationFramework.base.TestBase  - Navigated to URL: https://naveenautomationlabs.com/opencart/index.php?route=common/home
]]></system-out>
    <system-err><![CDATA[Starting ChromeDriver 114.0.5735.90 (386bc09e8f4f2e025eddae123f36f6263096ae49-refs/branch-heads/5735@{#1052}) on port 31773
Only local connections are allowed.
Please see https://chromedriver.chromium.org/security-considerations for suggestions on keeping ChromeDriver safe.
ChromeDriver was started successfully.
Jul. 05, 2023 2:00:40 P.M. org.openqa.selenium.remote.ProtocolHandshake createSession
INFO: Detected dialect: W3C
]]></system-err>
  </testcase>
  <testcase name="validateIsDisplayImageMoving" classname="com.naveenautomationlabs.automationFramework.tests.YourStoreTest" time="10.193"/>
  <testcase name="validateIsImageSelectedFromVisibleText" classname="com.naveenautomationlabs.automationFramework.tests.YourStoreTest" time="0.001">
    <failure message="Entered text is null." type="java.lang.IllegalArgumentException">java.lang.IllegalArgumentException: Entered text is null.
	at com.naveenautomationlabs.automationFramework.tests.YourStoreTest.validateIsImageSelectedFromVisibleText(YourStoreTest.java:56)
</failure>
    <system-out><![CDATA[2023-07-05 14:01:05 INFO  TestBase:39 - Navigating to URL: https://naveenautomationlabs.com/opencart/index.php?route=common/home
122322 [main] INFO com.naveenautomationlabs.automationFramework.base.TestBase  - Navigating to URL: https://naveenautomationlabs.com/opencart/index.php?route=common/home
2023-07-05 14:01:17 INFO  TestBase:45 - Navigated to URL: https://naveenautomationlabs.com/opencart/index.php?route=common/home
133587 [main] INFO com.naveenautomationlabs.automationFramework.base.TestBase  - Navigated to URL: https://naveenautomationlabs.com/opencart/index.php?route=common/home
]]></system-out>
    <system-err><![CDATA[Starting ChromeDriver 114.0.5735.90 (386bc09e8f4f2e025eddae123f36f6263096ae49-refs/branch-heads/5735@{#1052}) on port 46138
Only local connections are allowed.
Please see https://chromedriver.chromium.org/security-considerations for suggestions on keeping ChromeDriver safe.
ChromeDriver was started successfully.
Jul. 05, 2023 2:01:05 P.M. org.openqa.selenium.remote.ProtocolHandshake createSession
INFO: Detected dialect: W3C
]]></system-err>
  </testcase>
  <testcase name="validateItemsAddedToTheWishlist" classname="com.naveenautomationlabs.automationFramework.tests.YourStoreTest" time="0.918"/>
  <testcase name="validateLogoIsDisplayed" classname="com.naveenautomationlabs.automationFramework.tests.YourStoreTest" time="0.081"/>
  <testcase name="test" classname="com.naveenautomationlabs.automationFramework.tests.MyWishListTest" time="2.664">
    <failure type="java.util.NoSuchElementException">java.util.NoSuchElementException
	at com.naveenautomationlabs.automationFramework.tests.MyWishListTest.test(MyWishListTest.java:41)
</failure>
    <system-out><![CDATA[2023-07-05 14:01:35 INFO  TestBase:39 - Navigating to URL: https://naveenautomationlabs.com/opencart/index.php?route=common/home
152298 [main] INFO com.naveenautomationlabs.automationFramework.base.TestBase  - Navigating to URL: https://naveenautomationlabs.com/opencart/index.php?route=common/home
2023-07-05 14:01:42 INFO  TestBase:45 - Navigated to URL: https://naveenautomationlabs.com/opencart/index.php?route=common/home
158687 [main] INFO com.naveenautomationlabs.automationFramework.base.TestBase  - Navigated to URL: https://naveenautomationlabs.com/opencart/index.php?route=common/home
2023-07-05 14:01:42 INFO  TestBase:87 - Finding Element: By.cssSelector: ul.list-inline>li:nth-of-type(2) a
158897 [main] INFO com.naveenautomationlabs.automationFramework.base.TestBase  - Finding Element: By.cssSelector: ul.list-inline>li:nth-of-type(2) a
2023-07-05 14:01:42 INFO  TestBase:93 - Found Element: By.cssSelector: ul.list-inline>li:nth-of-type(2) a
158927 [main] INFO com.naveenautomationlabs.automationFramework.base.TestBase  - Found Element: By.cssSelector: ul.list-inline>li:nth-of-type(2) a
2023-07-05 14:01:42 INFO  TestBase:105 - Clicked ON: [[ChromeDriver: chrome on WINDOWS (6bfda4d4246a3d13b7ae50e6bb7446e5)] -> css selector: ul.list-inline>li:nth-of-type(2) a]
159012 [main] INFO com.naveenautomationlabs.automationFramework.base.TestBase  - Clicked ON: [[ChromeDriver: chrome on WINDOWS (6bfda4d4246a3d13b7ae50e6bb7446e5)] -> css selector: ul.list-inline>li:nth-of-type(2) a]
2023-07-05 14:01:42 INFO  TestBase:87 - Finding Element: By.cssSelector: ul.dropdown-menu  li:nth-of-type(2) a
159013 [main] INFO com.naveenautomationlabs.automationFramework.base.TestBase  - Finding Element: By.cssSelector: ul.dropdown-menu  li:nth-of-type(2) a
2023-07-05 14:01:42 INFO  TestBase:93 - Found Element: By.cssSelector: ul.dropdown-menu  li:nth-of-type(2) a
159084 [main] INFO com.naveenautomationlabs.automationFramework.base.TestBase  - Found Element: By.cssSelector: ul.dropdown-menu  li:nth-of-type(2) a
2023-07-05 14:01:43 INFO  TestBase:105 - Clicked ON: [[ChromeDriver: chrome on WINDOWS (6bfda4d4246a3d13b7ae50e6bb7446e5)] -> css selector: ul.dropdown-menu  li:nth-of-type(2) a]
159814 [main] INFO com.naveenautomationlabs.automationFramework.base.TestBase  - Clicked ON: [[ChromeDriver: chrome on WINDOWS (6bfda4d4246a3d13b7ae50e6bb7446e5)] -> css selector: ul.dropdown-menu  li:nth-of-type(2) a]
2023-07-05 14:01:43 INFO  TestBase:87 - Finding Element: By.cssSelector: input[value='Login']
159815 [main] INFO com.naveenautomationlabs.automationFramework.base.TestBase  - Finding Element: By.cssSelector: input[value='Login']
2023-07-05 14:01:43 INFO  TestBase:93 - Found Element: By.cssSelector: input[value='Login']
159914 [main] INFO com.naveenautomationlabs.automationFramework.base.TestBase  - Found Element: By.cssSelector: input[value='Login']
2023-07-05 14:01:44 INFO  TestBase:105 - Clicked ON: [[ChromeDriver: chrome on WINDOWS (6bfda4d4246a3d13b7ae50e6bb7446e5)] -> css selector: input[value='Login']]
160490 [main] INFO com.naveenautomationlabs.automationFramework.base.TestBase  - Clicked ON: [[ChromeDriver: chrome on WINDOWS (6bfda4d4246a3d13b7ae50e6bb7446e5)] -> css selector: input[value='Login']]
2023-07-05 14:01:44 INFO  TestBase:87 - Finding Element: By.cssSelector: ul.list-inline li:nth-of-type(3) span
160491 [main] INFO com.naveenautomationlabs.automationFramework.base.TestBase  - Finding Element: By.cssSelector: ul.list-inline li:nth-of-type(3) span
2023-07-05 14:01:44 INFO  TestBase:93 - Found Element: By.cssSelector: ul.list-inline li:nth-of-type(3) span
160624 [main] INFO com.naveenautomationlabs.automationFramework.base.TestBase  - Found Element: By.cssSelector: ul.list-inline li:nth-of-type(3) span
2023-07-05 14:01:45 INFO  TestBase:105 - Clicked ON: [[ChromeDriver: chrome on WINDOWS (6bfda4d4246a3d13b7ae50e6bb7446e5)] -> css selector: ul.list-inline li:nth-of-type(3) span]
161510 [main] INFO com.naveenautomationlabs.automationFramework.base.TestBase  - Clicked ON: [[ChromeDriver: chrome on WINDOWS (6bfda4d4246a3d13b7ae50e6bb7446e5)] -> css selector: ul.list-inline li:nth-of-type(3) span]
2023-07-05 14:01:45 INFO  TestBase:87 - Finding Element: By.cssSelector: table.table  thead tr td
161515 [main] INFO com.naveenautomationlabs.automationFramework.base.TestBase  - Finding Element: By.cssSelector: table.table  thead tr td
2023-07-05 14:01:45 INFO  TestBase:93 - Found Element: By.cssSelector: table.table  thead tr td
161557 [main] INFO com.naveenautomationlabs.automationFramework.base.TestBase  - Found Element: By.cssSelector: table.table  thead tr td
]]></system-out>
    <system-err><![CDATA[Starting ChromeDriver 114.0.5735.90 (386bc09e8f4f2e025eddae123f36f6263096ae49-refs/branch-heads/5735@{#1052}) on port 28175
Only local connections are allowed.
Please see https://chromedriver.chromium.org/security-considerations for suggestions on keeping ChromeDriver safe.
ChromeDriver was started successfully.
Jul. 05, 2023 2:01:35 P.M. org.openqa.selenium.remote.ProtocolHandshake createSession
INFO: Detected dialect: W3C
]]></system-err>
  </testcase>
  <testcase name="validateSearchBar" classname="com.naveenautomationlabs.automationFramework.tests.SearchIphoneTest" time="1.492"/>
</testsuite>