<?xml version="1.0" encoding="UTF-8"?>
<!-- Generated by org.testng.reporters.JUnitReportReporter -->
<testsuite hostname="Guri_Badwal" failures="0" tests="3" name="com.naveenautomationlabs.automationFramework.tests.YourStoreTest" time="49.388" errors="0" timestamp="2023-07-10T13:21:52 EDT" skipped="0">
  <testcase classname="com.naveenautomationlabs.automationFramework.tests.YourStoreTest" name="validateItemsAddedToTheWishlist" time="15.245"/>
  <system-out/>
  <testcase classname="com.naveenautomationlabs.automationFramework.tests.YourStoreTest" name="validateIsDisplayImageMoving" time="18.643"/>
  <system-out/>
  <testcase classname="com.naveenautomationlabs.automationFramework.tests.YourStoreTest" name="validateLogoIsDisplayed" time="15.500"/>
  <system-out/>
</testsuite> <!-- com.naveenautomationlabs.automationFramework.tests.YourStoreTest -->
