<?xml version="1.0" encoding="UTF-8"?>
<!-- Generated by org.testng.reporters.JUnitReportReporter -->
<testsuite hostname="Guri_Badwal" failures="0" tests="1" name="com.naveenautomationlabs.automationFramework.tests.SearchIphoneTest" time="10.497" errors="0" timestamp="2023-07-09T00:24:15 EDT" skipped="0">
  <testcase classname="com.naveenautomationlabs.automationFramework.tests.SearchIphoneTest" name="validateSearchBar" time="10.497"/>
  <system-out/>
</testsuite> <!-- com.naveenautomationlabs.automationFramework.tests.SearchIphoneTest -->
