<?xml version="1.0" encoding="UTF-8"?>
<!-- Generated by org.testng.reporters.JUnitReportReporter -->
<testsuite hostname="Guri_Badwal" failures="0" tests="1" name="com.naveenautomationlabs.automationFramework.tests.MyWishListTest" time="15.020" errors="0" timestamp="2023-06-29T08:18:41 EDT" skipped="0">
  <testcase classname="com.naveenautomationlabs.automationFramework.tests.MyWishListTest" name="test" time="15.020"/>
  <system-out/>
</testsuite> <!-- com.naveenautomationlabs.automationFramework.tests.MyWishListTest -->
