<?xml version="1.0" encoding="UTF-8"?>
<!-- Generated by org.testng.reporters.JUnitReportReporter -->
<testsuite hostname="Guri_Badwal" failures="0" tests="1" name="com.naveenautomationlabs.automationFramework.tests.OrderHistoryTest" time="15.671" errors="0" timestamp="2023-06-26T06:40:21 EDT" skipped="0">
  <testcase classname="com.naveenautomationlabs.automationFramework.tests.OrderHistoryTest" name="validateSideNavigationBarForOrderHistoryBtn" time="15.671"/>
  <system-out/>
</testsuite> <!-- com.naveenautomationlabs.automationFramework.tests.OrderHistoryTest -->
