<?xml version="1.0" encoding="UTF-8"?>
<!-- Generated by org.testng.reporters.JUnitReportReporter -->
<testsuite hostname="Guri_Badwal" failures="0" tests="1" name="com.naveenautomationlabs.automationFramework.tests.AccountHasBeenCreatedTest" time="12.665" errors="0" timestamp="2023-07-09T13:44:04 EDT" skipped="0">
  <testcase classname="com.naveenautomationlabs.automationFramework.tests.AccountHasBeenCreatedTest" name="validateUserRegisterWithValidDetails" time="12.665"/>
  <system-out/>
</testsuite> <!-- com.naveenautomationlabs.automationFramework.tests.AccountHasBeenCreatedTest -->
