<?xml version="1.0" encoding="UTF-8"?>
<!-- Generated by org.testng.reporters.JUnitReportReporter -->
<testsuite hostname="Guri_Badwal" failures="0" tests="1" name="com.naveenautomationlabs.automationFramework.tests.RegisterAccountTest" time="11.740" errors="0" timestamp="2023-07-05T07:17:11 EDT" skipped="0">
  <testcase classname="com.naveenautomationlabs.automationFramework.tests.RegisterAccountTest" name="validateUserRegisterWithAlreadyRegisteredEmail" time="11.740"/>
  <system-out/>
</testsuite> <!-- com.naveenautomationlabs.automationFramework.tests.RegisterAccountTest -->
