<?xml version="1.0" encoding="UTF-8"?>
<!-- Generated by org.testng.reporters.JUnitReportReporter -->
<testsuite hostname="Guri_Badwal" failures="0" tests="2" name="com.naveenautomationlabs.automationFramework.tests.RegisterAccountTest" time="22.741" errors="0" timestamp="2023-07-10T13:21:52 EDT" skipped="1">
  <testcase classname="com.naveenautomationlabs.automationFramework.tests.RegisterAccountTest" name="validateUserRegisterWithAlreadyRegisteredEmail" time="11.370">
    <skipped/>
  </testcase> <!-- validateUserRegisterWithAlreadyRegisteredEmail -->
  <system-out/>
  <testcase classname="com.naveenautomationlabs.automationFramework.tests.RegisterAccountTest" name="validateUserRegisterWithAlreadyRegisteredEmail" time="11.371"/>
  <system-out/>
</testsuite> <!-- com.naveenautomationlabs.automationFramework.tests.RegisterAccountTest -->
