<?xml version="1.0" encoding="UTF-8"?>
<!-- Generated by org.testng.reporters.JUnitReportReporter -->
<testsuite hostname="Guri_Badwal" failures="0" tests="1" name="com.naveenautomationlabs.automationFramework.AppTest" time="19.624" errors="0" timestamp="2023-06-15T19:23:34 EDT" skipped="0">
  <testcase classname="com.naveenautomationlabs.automationFramework.AppTest" name="test1" time="19.624"/>
  <system-out/>
</testsuite> <!-- com.naveenautomationlabs.automationFramework.AppTest -->
