<?xml version="1.0" encoding="UTF-8"?>
<!-- Generated by org.testng.reporters.JUnitReportReporter -->
<testsuite hostname="Guri_Badwal" failures="0" tests="1" name="com.naveenautomationlabs.automationFramework.tests.SearchIphoneTest" time="9.950" errors="0" timestamp="2023-07-10T13:21:52 EDT" skipped="0">
  <testcase classname="com.naveenautomationlabs.automationFramework.tests.SearchIphoneTest" name="validateSearchBar" time="9.950"/>
  <system-out/>
</testsuite> <!-- com.naveenautomationlabs.automationFramework.tests.SearchIphoneTest -->
