<?xml version="1.0" encoding="UTF-8"?>
<!-- Generated by org.testng.reporters.JUnitReportReporter -->
<testsuite hostname="Guri_Badwal" failures="0" tests="1" name="com.naveenautomationlabs.automationFramework.tests.SearchIphoneTest" time="10.295" errors="0" timestamp="05 Jul. 2023 18:01:56 GMT" skipped="0">
  <testcase classname="com.naveenautomationlabs.automationFramework.tests.SearchIphoneTest" name="validateSearchBar" time="10.295"/>
</testsuite> <!-- com.naveenautomationlabs.automationFramework.tests.SearchIphoneTest -->
