<?xml version="1.0" encoding="UTF-8"?>
<!-- Generated by org.testng.reporters.JUnitReportReporter -->
<testsuite hostname="Guri_Badwal" failures="0" tests="1" name="com.naveenautomationlabs.automationFramework.tests.SearchIphoneTest" time="12.805" errors="0" timestamp="09 Jul. 2023 01:30:07 GMT" skipped="0">
  <testcase classname="com.naveenautomationlabs.automationFramework.tests.SearchIphoneTest" name="validateSearchBar" time="12.805"/>
</testsuite> <!-- com.naveenautomationlabs.automationFramework.tests.SearchIphoneTest -->
